<?xml version="1.0" encoding="UTF-8"?>
<testsuite xmlns:xsi="http://www.w3.org/2001/XMLSchema-instance" xsi:noNamespaceSchemaLocation="https://maven.apache.org/surefire/maven-surefire-plugin/xsd/surefire-test-report.xsd" name="pro.biocontainers.readers.utilities.conda.CondaRecipeReaderTest" time="1.112" tests="1" errors="0" skipped="0" failures="0">
  <properties>
    <property name="gopherProxySet" value="false"/>
    <property name="awt.toolkit" value="sun.lwawt.macosx.LWCToolkit"/>
    <property name="file.encoding.pkg" value="sun.io"/>
    <property name="java.specification.version" value="1.8"/>
    <property name="sun.cpu.isalist" value=""/>
    <property name="sun.jnu.encoding" value="UTF-8"/>
    <property name="java.class.path" value="/Users/yperez/IdeaProjects/github-repo/biodocker/registry-backend/registries-readers/target/test-classes:/Users/yperez/IdeaProjects/github-repo/biodocker/registry-backend/registries-readers/target/classes:/Users/yperez/.m2/repository/org/springframework/boot/spring-boot-starter/2.0.0.RELEASE/spring-boot-starter-2.0.0.RELEASE.jar:/Users/yperez/.m2/repository/org/springframework/boot/spring-boot/2.0.0.RELEASE/spring-boot-2.0.0.RELEASE.jar:/Users/yperez/.m2/repository/org/springframework/spring-context/5.0.4.RELEASE/spring-context-5.0.4.RELEASE.jar:/Users/yperez/.m2/repository/org/springframework/boot/spring-boot-autoconfigure/2.0.0.RELEASE/spring-boot-autoconfigure-2.0.0.RELEASE.jar:/Users/yperez/.m2/repository/org/springframework/boot/spring-boot-starter-logging/2.0.0.RELEASE/spring-boot-starter-logging-2.0.0.RELEASE.jar:/Users/yperez/.m2/repository/ch/qos/logback/logback-classic/1.2.3/logback-classic-1.2.3.jar:/Users/yperez/.m2/repository/ch/qos/logback/logback-core/1.2.3/logback-core-1.2.3.jar:/Users/yperez/.m2/repository/org/apache/logging/log4j/log4j-to-slf4j/2.10.0/log4j-to-slf4j-2.10.0.jar:/Users/yperez/.m2/repository/org/apache/logging/log4j/log4j-api/2.10.0/log4j-api-2.10.0.jar:/Users/yperez/.m2/repository/org/slf4j/jul-to-slf4j/1.7.25/jul-to-slf4j-1.7.25.jar:/Users/yperez/.m2/repository/javax/annotation/javax.annotation-api/1.3.2/javax.annotation-api-1.3.2.jar:/Users/yperez/.m2/repository/org/springframework/spring-core/5.0.4.RELEASE/spring-core-5.0.4.RELEASE.jar:/Users/yperez/.m2/repository/org/springframework/spring-jcl/5.0.4.RELEASE/spring-jcl-5.0.4.RELEASE.jar:/Users/yperez/.m2/repository/org/yaml/snakeyaml/1.19/snakeyaml-1.19.jar:/Users/yperez/.m2/repository/org/springframework/boot/spring-boot-starter-security/2.0.0.RELEASE/spring-boot-starter-security-2.0.0.RELEASE.jar:/Users/yperez/.m2/repository/org/springframework/spring-aop/5.0.4.RELEASE/spring-aop-5.0.4.RELEASE.jar:/Users/yperez/.m2/repository/org/springframework/security/spring-security-config/5.0.3.RELEASE/spring-security-config-5.0.3.RELEASE.jar:/Users/yperez/.m2/repository/org/springframework/security/spring-security-web/5.0.3.RELEASE/spring-security-web-5.0.3.RELEASE.jar:/Users/yperez/.m2/repository/org/springframework/spring-expression/5.0.4.RELEASE/spring-expression-5.0.4.RELEASE.jar:/Users/yperez/.m2/repository/org/springframework/security/spring-security-oauth2-client/5.0.3.RELEASE/spring-security-oauth2-client-5.0.3.RELEASE.jar:/Users/yperez/.m2/repository/com/nimbusds/oauth2-oidc-sdk/5.54/oauth2-oidc-sdk-5.54.jar:/Users/yperez/.m2/repository/javax/mail/mail/1.4.7/mail-1.4.7.jar:/Users/yperez/.m2/repository/javax/activation/activation/1.1/activation-1.1.jar:/Users/yperez/.m2/repository/com/github/stephenc/jcip/jcip-annotations/1.0-1/jcip-annotations-1.0-1.jar:/Users/yperez/.m2/repository/org/apache/commons/commons-collections4/4.1/commons-collections4-4.1.jar:/Users/yperez/.m2/repository/net/minidev/json-smart/2.3/json-smart-2.3.jar:/Users/yperez/.m2/repository/net/minidev/accessors-smart/1.2/accessors-smart-1.2.jar:/Users/yperez/.m2/repository/org/ow2/asm/asm/5.0.4/asm-5.0.4.jar:/Users/yperez/.m2/repository/com/nimbusds/lang-tag/1.4.3/lang-tag-1.4.3.jar:/Users/yperez/.m2/repository/com/nimbusds/nimbus-jose-jwt/5.14/nimbus-jose-jwt-5.14.jar:/Users/yperez/.m2/repository/org/springframework/security/spring-security-core/5.0.3.RELEASE/spring-security-core-5.0.3.RELEASE.jar:/Users/yperez/.m2/repository/org/springframework/security/spring-security-oauth2-core/5.0.3.RELEASE/spring-security-oauth2-core-5.0.3.RELEASE.jar:/Users/yperez/.m2/repository/org/springframework/spring-web/5.0.4.RELEASE/spring-web-5.0.4.RELEASE.jar:/Users/yperez/.m2/repository/org/springframework/spring-beans/5.0.4.RELEASE/spring-beans-5.0.4.RELEASE.jar:/Users/yperez/.m2/repository/com/fasterxml/jackson/core/jackson-databind/2.9.4/jackson-databind-2.9.4.jar:/Users/yperez/.m2/repository/com/fasterxml/jackson/core/jackson-annotations/2.9.0/jackson-annotations-2.9.0.jar:/Users/yperez/.m2/repository/com/fasterxml/jackson/core/jackson-core/2.9.4/jackson-core-2.9.4.jar:/Users/yperez/.m2/repository/org/springframework/boot/spring-boot-starter-test/2.0.0.RELEASE/spring-boot-starter-test-2.0.0.RELEASE.jar:/Users/yperez/.m2/repository/org/springframework/boot/spring-boot-test/2.0.0.RELEASE/spring-boot-test-2.0.0.RELEASE.jar:/Users/yperez/.m2/repository/org/springframework/boot/spring-boot-test-autoconfigure/2.0.0.RELEASE/spring-boot-test-autoconfigure-2.0.0.RELEASE.jar:/Users/yperez/.m2/repository/com/jayway/jsonpath/json-path/2.4.0/json-path-2.4.0.jar:/Users/yperez/.m2/repository/junit/junit/4.12/junit-4.12.jar:/Users/yperez/.m2/repository/org/assertj/assertj-core/3.9.1/assertj-core-3.9.1.jar:/Users/yperez/.m2/repository/org/mockito/mockito-core/2.15.0/mockito-core-2.15.0.jar:/Users/yperez/.m2/repository/net/bytebuddy/byte-buddy/1.7.10/byte-buddy-1.7.10.jar:/Users/yperez/.m2/repository/net/bytebuddy/byte-buddy-agent/1.7.10/byte-buddy-agent-1.7.10.jar:/Users/yperez/.m2/repository/org/objenesis/objenesis/2.6/objenesis-2.6.jar:/Users/yperez/.m2/repository/org/hamcrest/hamcrest-core/1.3/hamcrest-core-1.3.jar:/Users/yperez/.m2/repository/org/hamcrest/hamcrest-library/1.3/hamcrest-library-1.3.jar:/Users/yperez/.m2/repository/org/skyscreamer/jsonassert/1.5.0/jsonassert-1.5.0.jar:/Users/yperez/.m2/repository/com/vaadin/external/google/android-json/0.0.20131108.vaadin1/android-json-0.0.20131108.vaadin1.jar:/Users/yperez/.m2/repository/org/springframework/spring-test/5.0.4.RELEASE/spring-test-5.0.4.RELEASE.jar:/Users/yperez/.m2/repository/org/xmlunit/xmlunit-core/2.5.1/xmlunit-core-2.5.1.jar:/Users/yperez/.m2/repository/commons-io/commons-io/2.5/commons-io-2.5.jar:/Users/yperez/.m2/repository/org/apache/commons/commons-compress/1.11/commons-compress-1.11.jar:/Users/yperez/.m2/repository/com/google/guava/guava/17.0/guava-17.0.jar:/Users/yperez/.m2/repository/com/github/docker-java/docker-java/3.1.0-rc-3/docker-java-3.1.0-rc-3.jar:/Users/yperez/.m2/repository/com/fasterxml/jackson/jaxrs/jackson-jaxrs-json-provider/2.9.4/jackson-jaxrs-json-provider-2.9.4.jar:/Users/yperez/.m2/repository/com/fasterxml/jackson/jaxrs/jackson-jaxrs-base/2.9.4/jackson-jaxrs-base-2.9.4.jar:/Users/yperez/.m2/repository/com/fasterxml/jackson/module/jackson-module-jaxb-annotations/2.9.4/jackson-module-jaxb-annotations-2.9.4.jar:/Users/yperez/.m2/repository/org/glassfish/jersey/connectors/jersey-apache-connector/2.26/jersey-apache-connector-2.26.jar:/Users/yperez/.m2/repository/org/glassfish/jersey/core/jersey-common/2.26/jersey-common-2.26.jar:/Users/yperez/.m2/repository/org/glassfish/hk2/osgi-resource-locator/1.0.1/osgi-resource-locator-1.0.1.jar:/Users/yperez/.m2/repository/javax/ws/rs/javax.ws.rs-api/2.1/javax.ws.rs-api-2.1.jar:/Users/yperez/.m2/repository/org/apache/httpcomponents/httpcore/4.4.9/httpcore-4.4.9.jar:/Users/yperez/.m2/repository/org/apache/httpcomponents/httpclient/4.5.5/httpclient-4.5.5.jar:/Users/yperez/.m2/repository/org/glassfish/jersey/core/jersey-client/2.26/jersey-client-2.26.jar:/Users/yperez/.m2/repository/org/glassfish/hk2/external/javax.inject/2.5.0-b42/javax.inject-2.5.0-b42.jar:/Users/yperez/.m2/repository/org/glassfish/jersey/inject/jersey-hk2/2.26/jersey-hk2-2.26.jar:/Users/yperez/.m2/repository/org/glassfish/hk2/hk2-locator/2.5.0-b42/hk2-locator-2.5.0-b42.jar:/Users/yperez/.m2/repository/org/glassfish/hk2/external/aopalliance-repackaged/2.5.0-b42/aopalliance-repackaged-2.5.0-b42.jar:/Users/yperez/.m2/repository/org/glassfish/hk2/hk2-api/2.5.0-b42/hk2-api-2.5.0-b42.jar:/Users/yperez/.m2/repository/javax/inject/javax.inject/1/javax.inject-1.jar:/Users/yperez/.m2/repository/org/glassfish/hk2/hk2-utils/2.5.0-b42/hk2-utils-2.5.0-b42.jar:/Users/yperez/.m2/repository/com/kohlschutter/junixsocket/junixsocket-common/2.0.4/junixsocket-common-2.0.4.jar:/Users/yperez/.m2/repository/log4j/log4j/1.2.17/log4j-1.2.17.jar:/Users/yperez/.m2/repository/com/kohlschutter/junixsocket/junixsocket-native-common/2.0.4/junixsocket-native-common-2.0.4.jar:/Users/yperez/.m2/repository/org/scijava/native-lib-loader/2.0.2/native-lib-loader-2.0.2.jar:/Users/yperez/.m2/repository/commons-codec/commons-codec/1.11/commons-codec-1.11.jar:/Users/yperez/.m2/repository/commons-lang/commons-lang/2.6/commons-lang-2.6.jar:/Users/yperez/.m2/repository/org/slf4j/slf4j-api/1.7.25/slf4j-api-1.7.25.jar:/Users/yperez/.m2/repository/org/slf4j/jcl-over-slf4j/1.7.25/jcl-over-slf4j-1.7.25.jar:/Users/yperez/.m2/repository/org/bouncycastle/bcpkix-jdk15on/1.54/bcpkix-jdk15on-1.54.jar:/Users/yperez/.m2/repository/org/bouncycastle/bcprov-jdk15on/1.54/bcprov-jdk15on-1.54.jar:/Users/yperez/.m2/repository/io/netty/netty-codec-http/4.1.22.Final/netty-codec-http-4.1.22.Final.jar:/Users/yperez/.m2/repository/io/netty/netty-codec/4.1.22.Final/netty-codec-4.1.22.Final.jar:/Users/yperez/.m2/repository/io/netty/netty-handler/4.1.22.Final/netty-handler-4.1.22.Final.jar:/Users/yperez/.m2/repository/io/netty/netty-buffer/4.1.22.Final/netty-buffer-4.1.22.Final.jar:/Users/yperez/.m2/repository/io/netty/netty-transport/4.1.22.Final/netty-transport-4.1.22.Final.jar:/Users/yperez/.m2/repository/io/netty/netty-resolver/4.1.22.Final/netty-resolver-4.1.22.Final.jar:/Users/yperez/.m2/repository/io/netty/netty-handler-proxy/4.1.22.Final/netty-handler-proxy-4.1.22.Final.jar:/Users/yperez/.m2/repository/io/netty/netty-codec-socks/4.1.22.Final/netty-codec-socks-4.1.22.Final.jar:/Users/yperez/.m2/repository/io/netty/netty-transport-native-epoll/4.1.22.Final/netty-transport-native-epoll-4.1.22.Final-linux-x86_64.jar:/Users/yperez/.m2/repository/io/netty/netty-common/4.1.22.Final/netty-common-4.1.22.Final.jar:/Users/yperez/.m2/repository/io/netty/netty-transport-native-unix-common/4.1.22.Final/netty-transport-native-unix-common-4.1.22.Final.jar:/Users/yperez/.m2/repository/io/netty/netty-transport-native-kqueue/4.1.22.Final/netty-transport-native-kqueue-4.1.22.Final-osx-x86_64.jar:/Users/yperez/.m2/repository/com/hubspot/jinjava/jinjava/2.0.11-java7/jinjava-2.0.11-java7.jar:/Users/yperez/.m2/repository/org/javassist/javassist/3.18.2-GA/javassist-3.18.2-GA.jar:/Users/yperez/.m2/repository/org/jsoup/jsoup/1.8.1/jsoup-1.8.1.jar:/Users/yperez/.m2/repository/de/odysseus/juel/juel-api/2.2.7/juel-api-2.2.7.jar:/Users/yperez/.m2/repository/de/odysseus/juel/juel-impl/2.2.7/juel-impl-2.2.7.jar:/Users/yperez/.m2/repository/de/odysseus/juel/juel-spi/2.2.7/juel-spi-2.2.7.jar:/Users/yperez/.m2/repository/org/apache/commons/commons-lang3/3.7/commons-lang3-3.7.jar:/Users/yperez/.m2/repository/com/google/code/findbugs/annotations/3.0.0/annotations-3.0.0.jar:/Users/yperez/.m2/repository/org/threeten/threetenbp/1.2/threetenbp-1.2.jar:/Users/yperez/.m2/repository/com/fasterxml/jackson/dataformat/jackson-dataformat-yaml/2.9.2/jackson-dataformat-yaml-2.9.2.jar:/Users/yperez/.m2/repository/org/projectlombok/lombok/1.16.20/lombok-1.16.20.jar:/Users/yperez/.m2/repository/org/springframework/boot/spring-boot-devtools/2.0.0.RELEASE/spring-boot-devtools-2.0.0.RELEASE.jar:"/>
    <property name="java.vm.vendor" value="Oracle Corporation"/>
    <property name="sun.arch.data.model" value="64"/>
    <property name="java.vendor.url" value="http://java.oracle.com/"/>
    <property name="user.timezone" value=""/>
    <property name="java.vm.specification.version" value="1.8"/>
    <property name="os.name" value="Mac OS X"/>
    <property name="user.country" value="GB"/>
    <property name="sun.java.launcher" value="SUN_STANDARD"/>
    <property name="sun.boot.library.path" value="/Library/Java/JavaVirtualMachines/jdk1.8.0_65.jdk/Contents/Home/jre/lib"/>
    <property name="sun.java.command" value="/Users/yperez/IdeaProjects/github-repo/biodocker/registry-backend/registries-readers/target/surefire/surefirebooter3642811083224337320.jar /Users/yperez/IdeaProjects/github-repo/biodocker/registry-backend/registries-readers/target/surefire 2018-07-25T10-15-42_447-jvmRun1 surefire6795953243331534508tmp surefire_07408862477732638201tmp"/>
    <property name="http.nonProxyHosts" value="local|*.local|169.254/16|*.169.254/16"/>
    <property name="surefire.test.class.path" value="/Users/yperez/IdeaProjects/github-repo/biodocker/registry-backend/registries-readers/target/test-classes:/Users/yperez/IdeaProjects/github-repo/biodocker/registry-backend/registries-readers/target/classes:/Users/yperez/.m2/repository/org/springframework/boot/spring-boot-starter/2.0.0.RELEASE/spring-boot-starter-2.0.0.RELEASE.jar:/Users/yperez/.m2/repository/org/springframework/boot/spring-boot/2.0.0.RELEASE/spring-boot-2.0.0.RELEASE.jar:/Users/yperez/.m2/repository/org/springframework/spring-context/5.0.4.RELEASE/spring-context-5.0.4.RELEASE.jar:/Users/yperez/.m2/repository/org/springframework/boot/spring-boot-autoconfigure/2.0.0.RELEASE/spring-boot-autoconfigure-2.0.0.RELEASE.jar:/Users/yperez/.m2/repository/org/springframework/boot/spring-boot-starter-logging/2.0.0.RELEASE/spring-boot-starter-logging-2.0.0.RELEASE.jar:/Users/yperez/.m2/repository/ch/qos/logback/logback-classic/1.2.3/logback-classic-1.2.3.jar:/Users/yperez/.m2/repository/ch/qos/logback/logback-core/1.2.3/logback-core-1.2.3.jar:/Users/yperez/.m2/repository/org/apache/logging/log4j/log4j-to-slf4j/2.10.0/log4j-to-slf4j-2.10.0.jar:/Users/yperez/.m2/repository/org/apache/logging/log4j/log4j-api/2.10.0/log4j-api-2.10.0.jar:/Users/yperez/.m2/repository/org/slf4j/jul-to-slf4j/1.7.25/jul-to-slf4j-1.7.25.jar:/Users/yperez/.m2/repository/javax/annotation/javax.annotation-api/1.3.2/javax.annotation-api-1.3.2.jar:/Users/yperez/.m2/repository/org/springframework/spring-core/5.0.4.RELEASE/spring-core-5.0.4.RELEASE.jar:/Users/yperez/.m2/repository/org/springframework/spring-jcl/5.0.4.RELEASE/spring-jcl-5.0.4.RELEASE.jar:/Users/yperez/.m2/repository/org/yaml/snakeyaml/1.19/snakeyaml-1.19.jar:/Users/yperez/.m2/repository/org/springframework/boot/spring-boot-starter-security/2.0.0.RELEASE/spring-boot-starter-security-2.0.0.RELEASE.jar:/Users/yperez/.m2/repository/org/springframework/spring-aop/5.0.4.RELEASE/spring-aop-5.0.4.RELEASE.jar:/Users/yperez/.m2/repository/org/springframework/security/spring-security-config/5.0.3.RELEASE/spring-security-config-5.0.3.RELEASE.jar:/Users/yperez/.m2/repository/org/springframework/security/spring-security-web/5.0.3.RELEASE/spring-security-web-5.0.3.RELEASE.jar:/Users/yperez/.m2/repository/org/springframework/spring-expression/5.0.4.RELEASE/spring-expression-5.0.4.RELEASE.jar:/Users/yperez/.m2/repository/org/springframework/security/spring-security-oauth2-client/5.0.3.RELEASE/spring-security-oauth2-client-5.0.3.RELEASE.jar:/Users/yperez/.m2/repository/com/nimbusds/oauth2-oidc-sdk/5.54/oauth2-oidc-sdk-5.54.jar:/Users/yperez/.m2/repository/javax/mail/mail/1.4.7/mail-1.4.7.jar:/Users/yperez/.m2/repository/javax/activation/activation/1.1/activation-1.1.jar:/Users/yperez/.m2/repository/com/github/stephenc/jcip/jcip-annotations/1.0-1/jcip-annotations-1.0-1.jar:/Users/yperez/.m2/repository/org/apache/commons/commons-collections4/4.1/commons-collections4-4.1.jar:/Users/yperez/.m2/repository/net/minidev/json-smart/2.3/json-smart-2.3.jar:/Users/yperez/.m2/repository/net/minidev/accessors-smart/1.2/accessors-smart-1.2.jar:/Users/yperez/.m2/repository/org/ow2/asm/asm/5.0.4/asm-5.0.4.jar:/Users/yperez/.m2/repository/com/nimbusds/lang-tag/1.4.3/lang-tag-1.4.3.jar:/Users/yperez/.m2/repository/com/nimbusds/nimbus-jose-jwt/5.14/nimbus-jose-jwt-5.14.jar:/Users/yperez/.m2/repository/org/springframework/security/spring-security-core/5.0.3.RELEASE/spring-security-core-5.0.3.RELEASE.jar:/Users/yperez/.m2/repository/org/springframework/security/spring-security-oauth2-core/5.0.3.RELEASE/spring-security-oauth2-core-5.0.3.RELEASE.jar:/Users/yperez/.m2/repository/org/springframework/spring-web/5.0.4.RELEASE/spring-web-5.0.4.RELEASE.jar:/Users/yperez/.m2/repository/org/springframework/spring-beans/5.0.4.RELEASE/spring-beans-5.0.4.RELEASE.jar:/Users/yperez/.m2/repository/com/fasterxml/jackson/core/jackson-databind/2.9.4/jackson-databind-2.9.4.jar:/Users/yperez/.m2/repository/com/fasterxml/jackson/core/jackson-annotations/2.9.0/jackson-annotations-2.9.0.jar:/Users/yperez/.m2/repository/com/fasterxml/jackson/core/jackson-core/2.9.4/jackson-core-2.9.4.jar:/Users/yperez/.m2/repository/org/springframework/boot/spring-boot-starter-test/2.0.0.RELEASE/spring-boot-starter-test-2.0.0.RELEASE.jar:/Users/yperez/.m2/repository/org/springframework/boot/spring-boot-test/2.0.0.RELEASE/spring-boot-test-2.0.0.RELEASE.jar:/Users/yperez/.m2/repository/org/springframework/boot/spring-boot-test-autoconfigure/2.0.0.RELEASE/spring-boot-test-autoconfigure-2.0.0.RELEASE.jar:/Users/yperez/.m2/repository/com/jayway/jsonpath/json-path/2.4.0/json-path-2.4.0.jar:/Users/yperez/.m2/repository/junit/junit/4.12/junit-4.12.jar:/Users/yperez/.m2/repository/org/assertj/assertj-core/3.9.1/assertj-core-3.9.1.jar:/Users/yperez/.m2/repository/org/mockito/mockito-core/2.15.0/mockito-core-2.15.0.jar:/Users/yperez/.m2/repository/net/bytebuddy/byte-buddy/1.7.10/byte-buddy-1.7.10.jar:/Users/yperez/.m2/repository/net/bytebuddy/byte-buddy-agent/1.7.10/byte-buddy-agent-1.7.10.jar:/Users/yperez/.m2/repository/org/objenesis/objenesis/2.6/objenesis-2.6.jar:/Users/yperez/.m2/repository/org/hamcrest/hamcrest-core/1.3/hamcrest-core-1.3.jar:/Users/yperez/.m2/repository/org/hamcrest/hamcrest-library/1.3/hamcrest-library-1.3.jar:/Users/yperez/.m2/repository/org/skyscreamer/jsonassert/1.5.0/jsonassert-1.5.0.jar:/Users/yperez/.m2/repository/com/vaadin/external/google/android-json/0.0.20131108.vaadin1/android-json-0.0.20131108.vaadin1.jar:/Users/yperez/.m2/repository/org/springframework/spring-test/5.0.4.RELEASE/spring-test-5.0.4.RELEASE.jar:/Users/yperez/.m2/repository/org/xmlunit/xmlunit-core/2.5.1/xmlunit-core-2.5.1.jar:/Users/yperez/.m2/repository/commons-io/commons-io/2.5/commons-io-2.5.jar:/Users/yperez/.m2/repository/org/apache/commons/commons-compress/1.11/commons-compress-1.11.jar:/Users/yperez/.m2/repository/com/google/guava/guava/17.0/guava-17.0.jar:/Users/yperez/.m2/repository/com/github/docker-java/docker-java/3.1.0-rc-3/docker-java-3.1.0-rc-3.jar:/Users/yperez/.m2/repository/com/fasterxml/jackson/jaxrs/jackson-jaxrs-json-provider/2.9.4/jackson-jaxrs-json-provider-2.9.4.jar:/Users/yperez/.m2/repository/com/fasterxml/jackson/jaxrs/jackson-jaxrs-base/2.9.4/jackson-jaxrs-base-2.9.4.jar:/Users/yperez/.m2/repository/com/fasterxml/jackson/module/jackson-module-jaxb-annotations/2.9.4/jackson-module-jaxb-annotations-2.9.4.jar:/Users/yperez/.m2/repository/org/glassfish/jersey/connectors/jersey-apache-connector/2.26/jersey-apache-connector-2.26.jar:/Users/yperez/.m2/repository/org/glassfish/jersey/core/jersey-common/2.26/jersey-common-2.26.jar:/Users/yperez/.m2/repository/org/glassfish/hk2/osgi-resource-locator/1.0.1/osgi-resource-locator-1.0.1.jar:/Users/yperez/.m2/repository/javax/ws/rs/javax.ws.rs-api/2.1/javax.ws.rs-api-2.1.jar:/Users/yperez/.m2/repository/org/apache/httpcomponents/httpcore/4.4.9/httpcore-4.4.9.jar:/Users/yperez/.m2/repository/org/apache/httpcomponents/httpclient/4.5.5/httpclient-4.5.5.jar:/Users/yperez/.m2/repository/org/glassfish/jersey/core/jersey-client/2.26/jersey-client-2.26.jar:/Users/yperez/.m2/repository/org/glassfish/hk2/external/javax.inject/2.5.0-b42/javax.inject-2.5.0-b42.jar:/Users/yperez/.m2/repository/org/glassfish/jersey/inject/jersey-hk2/2.26/jersey-hk2-2.26.jar:/Users/yperez/.m2/repository/org/glassfish/hk2/hk2-locator/2.5.0-b42/hk2-locator-2.5.0-b42.jar:/Users/yperez/.m2/repository/org/glassfish/hk2/external/aopalliance-repackaged/2.5.0-b42/aopalliance-repackaged-2.5.0-b42.jar:/Users/yperez/.m2/repository/org/glassfish/hk2/hk2-api/2.5.0-b42/hk2-api-2.5.0-b42.jar:/Users/yperez/.m2/repository/javax/inject/javax.inject/1/javax.inject-1.jar:/Users/yperez/.m2/repository/org/glassfish/hk2/hk2-utils/2.5.0-b42/hk2-utils-2.5.0-b42.jar:/Users/yperez/.m2/repository/com/kohlschutter/junixsocket/junixsocket-common/2.0.4/junixsocket-common-2.0.4.jar:/Users/yperez/.m2/repository/log4j/log4j/1.2.17/log4j-1.2.17.jar:/Users/yperez/.m2/repository/com/kohlschutter/junixsocket/junixsocket-native-common/2.0.4/junixsocket-native-common-2.0.4.jar:/Users/yperez/.m2/repository/org/scijava/native-lib-loader/2.0.2/native-lib-loader-2.0.2.jar:/Users/yperez/.m2/repository/commons-codec/commons-codec/1.11/commons-codec-1.11.jar:/Users/yperez/.m2/repository/commons-lang/commons-lang/2.6/commons-lang-2.6.jar:/Users/yperez/.m2/repository/org/slf4j/slf4j-api/1.7.25/slf4j-api-1.7.25.jar:/Users/yperez/.m2/repository/org/slf4j/jcl-over-slf4j/1.7.25/jcl-over-slf4j-1.7.25.jar:/Users/yperez/.m2/repository/org/bouncycastle/bcpkix-jdk15on/1.54/bcpkix-jdk15on-1.54.jar:/Users/yperez/.m2/repository/org/bouncycastle/bcprov-jdk15on/1.54/bcprov-jdk15on-1.54.jar:/Users/yperez/.m2/repository/io/netty/netty-codec-http/4.1.22.Final/netty-codec-http-4.1.22.Final.jar:/Users/yperez/.m2/repository/io/netty/netty-codec/4.1.22.Final/netty-codec-4.1.22.Final.jar:/Users/yperez/.m2/repository/io/netty/netty-handler/4.1.22.Final/netty-handler-4.1.22.Final.jar:/Users/yperez/.m2/repository/io/netty/netty-buffer/4.1.22.Final/netty-buffer-4.1.22.Final.jar:/Users/yperez/.m2/repository/io/netty/netty-transport/4.1.22.Final/netty-transport-4.1.22.Final.jar:/Users/yperez/.m2/repository/io/netty/netty-resolver/4.1.22.Final/netty-resolver-4.1.22.Final.jar:/Users/yperez/.m2/repository/io/netty/netty-handler-proxy/4.1.22.Final/netty-handler-proxy-4.1.22.Final.jar:/Users/yperez/.m2/repository/io/netty/netty-codec-socks/4.1.22.Final/netty-codec-socks-4.1.22.Final.jar:/Users/yperez/.m2/repository/io/netty/netty-transport-native-epoll/4.1.22.Final/netty-transport-native-epoll-4.1.22.Final-linux-x86_64.jar:/Users/yperez/.m2/repository/io/netty/netty-common/4.1.22.Final/netty-common-4.1.22.Final.jar:/Users/yperez/.m2/repository/io/netty/netty-transport-native-unix-common/4.1.22.Final/netty-transport-native-unix-common-4.1.22.Final.jar:/Users/yperez/.m2/repository/io/netty/netty-transport-native-kqueue/4.1.22.Final/netty-transport-native-kqueue-4.1.22.Final-osx-x86_64.jar:/Users/yperez/.m2/repository/com/hubspot/jinjava/jinjava/2.0.11-java7/jinjava-2.0.11-java7.jar:/Users/yperez/.m2/repository/org/javassist/javassist/3.18.2-GA/javassist-3.18.2-GA.jar:/Users/yperez/.m2/repository/org/jsoup/jsoup/1.8.1/jsoup-1.8.1.jar:/Users/yperez/.m2/repository/de/odysseus/juel/juel-api/2.2.7/juel-api-2.2.7.jar:/Users/yperez/.m2/repository/de/odysseus/juel/juel-impl/2.2.7/juel-impl-2.2.7.jar:/Users/yperez/.m2/repository/de/odysseus/juel/juel-spi/2.2.7/juel-spi-2.2.7.jar:/Users/yperez/.m2/repository/org/apache/commons/commons-lang3/3.7/commons-lang3-3.7.jar:/Users/yperez/.m2/repository/com/google/code/findbugs/annotations/3.0.0/annotations-3.0.0.jar:/Users/yperez/.m2/repository/org/threeten/threetenbp/1.2/threetenbp-1.2.jar:/Users/yperez/.m2/repository/com/fasterxml/jackson/dataformat/jackson-dataformat-yaml/2.9.2/jackson-dataformat-yaml-2.9.2.jar:/Users/yperez/.m2/repository/org/projectlombok/lombok/1.16.20/lombok-1.16.20.jar:/Users/yperez/.m2/repository/org/springframework/boot/spring-boot-devtools/2.0.0.RELEASE/spring-boot-devtools-2.0.0.RELEASE.jar:"/>
    <property name="sun.cpu.endian" value="little"/>
    <property name="user.home" value="/Users/yperez"/>
    <property name="user.language" value="en"/>
    <property name="java.specification.vendor" value="Oracle Corporation"/>
    <property name="java.home" value="/Library/Java/JavaVirtualMachines/jdk1.8.0_65.jdk/Contents/Home/jre"/>
    <property name="basedir" value="/Users/yperez/IdeaProjects/github-repo/biodocker/registry-backend/registries-readers"/>
    <property name="file.separator" value="/"/>
    <property name="line.separator" value="&#10;"/>
    <property name="java.vm.specification.vendor" value="Oracle Corporation"/>
    <property name="java.specification.name" value="Java Platform API Specification"/>
    <property name="java.awt.graphicsenv" value="sun.awt.CGraphicsEnvironment"/>
    <property name="surefire.real.class.path" value="/Users/yperez/IdeaProjects/github-repo/biodocker/registry-backend/registries-readers/target/surefire/surefirebooter3642811083224337320.jar"/>
    <property name="sun.boot.class.path" value="/Library/Java/JavaVirtualMachines/jdk1.8.0_65.jdk/Contents/Home/jre/lib/resources.jar:/Library/Java/JavaVirtualMachines/jdk1.8.0_65.jdk/Contents/Home/jre/lib/rt.jar:/Library/Java/JavaVirtualMachines/jdk1.8.0_65.jdk/Contents/Home/jre/lib/sunrsasign.jar:/Library/Java/JavaVirtualMachines/jdk1.8.0_65.jdk/Contents/Home/jre/lib/jsse.jar:/Library/Java/JavaVirtualMachines/jdk1.8.0_65.jdk/Contents/Home/jre/lib/jce.jar:/Library/Java/JavaVirtualMachines/jdk1.8.0_65.jdk/Contents/Home/jre/lib/charsets.jar:/Library/Java/JavaVirtualMachines/jdk1.8.0_65.jdk/Contents/Home/jre/lib/jfr.jar:/Library/Java/JavaVirtualMachines/jdk1.8.0_65.jdk/Contents/Home/jre/classes"/>
    <property name="sun.management.compiler" value="HotSpot 64-Bit Tiered Compilers"/>
    <property name="ftp.nonProxyHosts" value="local|*.local|169.254/16|*.169.254/16"/>
    <property name="java.runtime.version" value="1.8.0_65-b17"/>
    <property name="user.name" value="yperez"/>
    <property name="path.separator" value=":"/>
    <property name="os.version" value="10.13.3"/>
    <property name="java.endorsed.dirs" value="/Library/Java/JavaVirtualMachines/jdk1.8.0_65.jdk/Contents/Home/jre/lib/endorsed"/>
    <property name="java.runtime.name" value="Java(TM) SE Runtime Environment"/>
    <property name="file.encoding" value="UTF-8"/>
    <property name="java.vm.name" value="Java HotSpot(TM) 64-Bit Server VM"/>
    <property name="localRepository" value="/Users/yperez/.m2/repository"/>
    <property name="java.vendor.url.bug" value="http://bugreport.sun.com/bugreport/"/>
    <property name="java.io.tmpdir" value="/var/folders/hm/w90zk0x90sv25st_pm8xdw940000gq/T/"/>
    <property name="idea.version" value="2018.1.2"/>
    <property name="java.version" value="1.8.0_65"/>
    <property name="user.dir" value="/Users/yperez/IdeaProjects/github-repo/biodocker/registry-backend/registries-readers"/>
    <property name="os.arch" value="x86_64"/>
    <property name="java.vm.specification.name" value="Java Virtual Machine Specification"/>
    <property name="java.awt.printerjob" value="sun.lwawt.macosx.CPrinterJob"/>
    <property name="sun.os.patch.level" value="unknown"/>
    <property name="java.library.path" value="/Users/yperez/Library/Java/Extensions:/Library/Java/Extensions:/Network/Library/Java/Extensions:/System/Library/Java/Extensions:/usr/lib/java:."/>
    <property name="java.vm.info" value="mixed mode"/>
    <property name="java.vendor" value="Oracle Corporation"/>
    <property name="java.vm.version" value="25.65-b01"/>
    <property name="java.ext.dirs" value="/Users/yperez/Library/Java/Extensions:/Library/Java/JavaVirtualMachines/jdk1.8.0_65.jdk/Contents/Home/jre/lib/ext:/Library/Java/Extensions:/Network/Library/Java/Extensions:/System/Library/Java/Extensions:/usr/lib/java"/>
    <property name="sun.io.unicode.encoding" value="UnicodeBig"/>
    <property name="java.class.version" value="52.0"/>
    <property name="socksNonProxyHosts" value="local|*.local|169.254/16|*.169.254/16"/>
  </properties>
  <testcase name="parse" classname="pro.biocontainers.readers.utilities.conda.CondaRecipeReaderTest" time="1.033"/>
</testsuite>